0 info it worked if it ends with ok
1 verbose cli [ 'node',
1 verbose cli   '/usr/local/bin/npm',
1 verbose cli   'install',
1 verbose cli   '-g',
1 verbose cli   'generator-chrome-extension' ]
2 info using npm@1.4.28
3 info using node@v0.10.33
4 verbose cache add [ 'generator-chrome-extension', null ]
5 verbose cache add name=undefined spec="generator-chrome-extension" args=["generator-chrome-extension",null]
6 verbose parsed url { protocol: null,
6 verbose parsed url   slashes: null,
6 verbose parsed url   auth: null,
6 verbose parsed url   host: null,
6 verbose parsed url   port: null,
6 verbose parsed url   hostname: null,
6 verbose parsed url   hash: null,
6 verbose parsed url   search: null,
6 verbose parsed url   query: null,
6 verbose parsed url   pathname: 'generator-chrome-extension',
6 verbose parsed url   path: 'generator-chrome-extension',
6 verbose parsed url   href: 'generator-chrome-extension' }
7 silly lockFile fcfe2b79-generator-chrome-extension generator-chrome-extension
8 verbose lock generator-chrome-extension /Users/tina/.npm/fcfe2b79-generator-chrome-extension.lock
9 silly lockFile fcfe2b79-generator-chrome-extension generator-chrome-extension
10 silly lockFile fcfe2b79-generator-chrome-extension generator-chrome-extension
11 verbose addNamed [ 'generator-chrome-extension', '' ]
12 verbose addNamed [ null, '*' ]
13 silly lockFile 4f45b217-generator-chrome-extension generator-chrome-extension@
14 verbose lock generator-chrome-extension@ /Users/tina/.npm/4f45b217-generator-chrome-extension.lock
15 silly addNameRange { name: 'generator-chrome-extension',
15 silly addNameRange   range: '*',
15 silly addNameRange   hasData: false }
16 verbose request where is /generator-chrome-extension
17 verbose request registry https://registry.npmjs.org/
18 verbose request id 60514cd626a447f6
19 verbose url raw /generator-chrome-extension
20 verbose url resolving [ 'https://registry.npmjs.org/',
20 verbose url resolving   './generator-chrome-extension' ]
21 verbose url resolved https://registry.npmjs.org/generator-chrome-extension
22 verbose request where is https://registry.npmjs.org/generator-chrome-extension
23 info trying registry request attempt 1 at 20:19:39
24 http GET https://registry.npmjs.org/generator-chrome-extension
25 http 200 https://registry.npmjs.org/generator-chrome-extension
26 silly registry.get cb [ 200,
26 silly registry.get   { date: 'Wed, 21 Jan 2015 04:19:36 GMT',
26 silly registry.get     server: 'CouchDB/1.5.0 (Erlang OTP/R14B04)',
26 silly registry.get     etag: '"2K04DQJAEGSMIEA10Z8694TDE"',
26 silly registry.get     'content-type': 'application/json',
26 silly registry.get     'cache-control': 'max-age=60',
26 silly registry.get     'content-length': '24575',
26 silly registry.get     'accept-ranges': 'bytes',
26 silly registry.get     via: '1.1 varnish',
26 silly registry.get     age: '0',
26 silly registry.get     'x-served-by': 'cache-lax1434-LAX',
26 silly registry.get     'x-cache': 'MISS',
26 silly registry.get     'x-cache-hits': '0',
26 silly registry.get     'x-timer': 'S1421813976.385381,VS0,VE178',
26 silly registry.get     vary: 'Accept',
26 silly registry.get     'keep-alive': 'timeout=10, max=50',
26 silly registry.get     connection: 'Keep-Alive' } ]
27 silly addNameRange number 2 { name: 'generator-chrome-extension', range: '*', hasData: true }
28 silly addNameRange versions [ 'generator-chrome-extension',
28 silly addNameRange   [ '0.1.0',
28 silly addNameRange     '0.1.1',
28 silly addNameRange     '0.2.0',
28 silly addNameRange     '0.2.1',
28 silly addNameRange     '0.2.2',
28 silly addNameRange     '0.2.3',
28 silly addNameRange     '0.2.4',
28 silly addNameRange     '0.2.5',
28 silly addNameRange     '0.2.6',
28 silly addNameRange     '0.2.7',
28 silly addNameRange     '0.2.8',
28 silly addNameRange     '0.2.9',
28 silly addNameRange     '0.2.10',
28 silly addNameRange     '0.2.11' ] ]
29 verbose addNamed [ 'generator-chrome-extension', '0.2.11' ]
30 verbose addNamed [ '0.2.11', '0.2.11' ]
31 silly lockFile 6781fe3d-enerator-chrome-extension-0-2-11 generator-chrome-extension@0.2.11
32 verbose lock generator-chrome-extension@0.2.11 /Users/tina/.npm/6781fe3d-enerator-chrome-extension-0-2-11.lock
33 silly lockFile 9e2e669e-ator-chrome-extension-0-2-11-tgz https://registry.npmjs.org/generator-chrome-extension/-/generator-chrome-extension-0.2.11.tgz
34 verbose lock https://registry.npmjs.org/generator-chrome-extension/-/generator-chrome-extension-0.2.11.tgz /Users/tina/.npm/9e2e669e-ator-chrome-extension-0-2-11-tgz.lock
35 verbose addRemoteTarball [ 'https://registry.npmjs.org/generator-chrome-extension/-/generator-chrome-extension-0.2.11.tgz',
35 verbose addRemoteTarball   'ebd1868481f666604608d276180c39786f154831' ]
36 info retry fetch attempt 1 at 20:19:39
37 verbose fetch to= /var/folders/s9/y6pcsddn4nsfctz85k8s6lh00000gn/T/npm-83012-ktWTlsnH/registry.npmjs.org/generator-chrome-extension/-/generator-chrome-extension-0.2.11.tgz
38 http GET https://registry.npmjs.org/generator-chrome-extension/-/generator-chrome-extension-0.2.11.tgz
39 http 200 https://registry.npmjs.org/generator-chrome-extension/-/generator-chrome-extension-0.2.11.tgz
40 silly lockFile 9e2e669e-ator-chrome-extension-0-2-11-tgz https://registry.npmjs.org/generator-chrome-extension/-/generator-chrome-extension-0.2.11.tgz
41 silly lockFile 9e2e669e-ator-chrome-extension-0-2-11-tgz https://registry.npmjs.org/generator-chrome-extension/-/generator-chrome-extension-0.2.11.tgz
42 silly lockFile 6781fe3d-enerator-chrome-extension-0-2-11 generator-chrome-extension@0.2.11
43 silly lockFile 6781fe3d-enerator-chrome-extension-0-2-11 generator-chrome-extension@0.2.11
44 silly lockFile 4f45b217-generator-chrome-extension generator-chrome-extension@
45 silly lockFile 4f45b217-generator-chrome-extension generator-chrome-extension@
46 silly resolved [ { name: 'generator-chrome-extension',
46 silly resolved     version: '0.2.11',
46 silly resolved     description: 'Yeoman generator for Chrome Extensions',
46 silly resolved     keywords: [ 'yeoman-generator', 'chrome', 'extension', 'addon' ],
46 silly resolved     author: { name: 'The Yeoman Team' },
46 silly resolved     main: 'app/index.js',
46 silly resolved     repository:
46 silly resolved      { type: 'git',
46 silly resolved        url: 'git://github.com/yeoman/generator-chrome-extension.git' },
46 silly resolved     scripts: { test: 'mocha --reporter spec' },
46 silly resolved     dependencies: { 'yeoman-generator': '^0.17.0' },
46 silly resolved     peerDependencies: { 'generator-mocha': '>=0.1.1', yo: '>=1.0.0' },
46 silly resolved     devDependencies: { mocha: '*', underscore: '^1.6.0' },
46 silly resolved     engines: { node: '>=0.10.0', npm: '>=1.2.10' },
46 silly resolved     licenses: [ [Object] ],
46 silly resolved     gitHead: '4b791aed8c051ae3a73637914045526e579d1de4',
46 silly resolved     bugs: { url: 'https://github.com/yeoman/generator-chrome-extension/issues' },
46 silly resolved     homepage: 'https://github.com/yeoman/generator-chrome-extension',
46 silly resolved     _id: 'generator-chrome-extension@0.2.11',
46 silly resolved     _shasum: 'ebd1868481f666604608d276180c39786f154831',
46 silly resolved     _from: 'generator-chrome-extension@',
46 silly resolved     _npmVersion: '1.5.0-alpha-1',
46 silly resolved     _npmUser: { name: 'ragingwind', email: 'ragingwind@gmail.com' },
46 silly resolved     maintainers:
46 silly resolved      [ [Object],
46 silly resolved        [Object],
46 silly resolved        [Object],
46 silly resolved        [Object],
46 silly resolved        [Object],
46 silly resolved        [Object],
46 silly resolved        [Object],
46 silly resolved        [Object] ],
46 silly resolved     dist:
46 silly resolved      { shasum: 'ebd1868481f666604608d276180c39786f154831',
46 silly resolved        tarball: 'http://registry.npmjs.org/generator-chrome-extension/-/generator-chrome-extension-0.2.11.tgz' },
46 silly resolved     directories: {},
46 silly resolved     _resolved: 'https://registry.npmjs.org/generator-chrome-extension/-/generator-chrome-extension-0.2.11.tgz' } ]
47 info install generator-chrome-extension@0.2.11 into /usr/local/lib
48 info installOne generator-chrome-extension@0.2.11
49 verbose lib/node_modules/generator-chrome-extension unbuild
50 verbose tar unpack /Users/tina/.npm/generator-chrome-extension/0.2.11/package.tgz
51 silly lockFile 3cfaa3f5-dules-generator-chrome-extension tar:///usr/local/lib/node_modules/generator-chrome-extension
52 verbose lock tar:///usr/local/lib/node_modules/generator-chrome-extension /Users/tina/.npm/3cfaa3f5-dules-generator-chrome-extension.lock
53 silly lockFile e7e9921b-ome-extension-0-2-11-package-tgz tar:///Users/tina/.npm/generator-chrome-extension/0.2.11/package.tgz
54 verbose lock tar:///Users/tina/.npm/generator-chrome-extension/0.2.11/package.tgz /Users/tina/.npm/e7e9921b-ome-extension-0-2-11-package-tgz.lock
55 silly gunzTarPerm modes [ '755', '644' ]
56 error Error: EACCES, mkdir '/usr/local/lib/node_modules/generator-chrome-extension'
56 error  { [Error: EACCES, mkdir '/usr/local/lib/node_modules/generator-chrome-extension']
56 error   errno: 3,
56 error   code: 'EACCES',
56 error   path: '/usr/local/lib/node_modules/generator-chrome-extension',
56 error   fstream_type: 'Directory',
56 error   fstream_path: '/usr/local/lib/node_modules/generator-chrome-extension',
56 error   fstream_class: 'DirWriter',
56 error   fstream_stack:
56 error    [ '/usr/local/lib/node_modules/npm/node_modules/fstream/lib/dir-writer.js:36:23',
56 error      '/usr/local/lib/node_modules/npm/node_modules/mkdirp/index.js:46:53',
56 error      'Object.oncomplete (fs.js:107:15)' ] }
57 error Please try running this command again as root/Administrator.
58 error System Darwin 14.0.0
59 error command "node" "/usr/local/bin/npm" "install" "-g" "generator-chrome-extension"
60 error cwd /Users/tina/Desktop/Developer/Day29--Yeoman
61 error node -v v0.10.33
62 error npm -v 1.4.28
63 error path /usr/local/lib/node_modules/generator-chrome-extension
64 error fstream_path /usr/local/lib/node_modules/generator-chrome-extension
65 error fstream_type Directory
66 error fstream_class DirWriter
67 error code EACCES
68 error errno 3
69 error stack Error: EACCES, mkdir '/usr/local/lib/node_modules/generator-chrome-extension'
70 error fstream_stack /usr/local/lib/node_modules/npm/node_modules/fstream/lib/dir-writer.js:36:23
70 error fstream_stack /usr/local/lib/node_modules/npm/node_modules/mkdirp/index.js:46:53
70 error fstream_stack Object.oncomplete (fs.js:107:15)
71 verbose exit [ 3, true ]
